#######                                       ######
#     # #####    ##    ####  #      ######    #     #   ##   #####  ####  #    #  ####  ###### #####
#     # #    #  #  #  #    # #      #         #     #  #  #    #   #    # #    # #      #        #
#     # #    # #    # #      #      #####     ######  #    #   #   #      ######  ####  #####    #
#     # #####  ###### #      #      #         #       ######   #   #      #    #      # #        #
#     # #   #  #    # #    # #      #         #       #    #   #   #    # #    # #    # #        #
####### #    # #    #  ####  ###### ######    #       #    #   #    ####  #    #  ####  ######   #
______________________________

Patch ver  DB User    Current Date         OS User         NLS Language    DB Name         DB Version                                                 
---------- ---------- -------------------- --------------- --------------- --------------- ------------------------------                             
131        HR         17.03.2020 14:40:09  d.kivilev       AMERICAN_CIS.AL commoniddev     Oracle Database 18c Enterprise                             
                                                           32UTF8                           Edition Release 18.0.0.0.0 -                              
                                                                                           Production                                                 
                                                                                                                                                      

______________________________
================
>>>> others/_before.sql

wallet_seq.sq

Sequence created.

>>>> tables/_tables.sql

currency.tab

Table created.


Comment created.


Comment created.


Comment created.


Table altered.


Table altered.

wallet.tab

Table created.


Comment created.


Comment created.


Comment created.


Comment created.


Table altered.


Table altered.

>>>> packages/_packages.sql

wallet_api_pack.spc

Package created.

wallet_api_pack.bdy

Package body created.

>>>> data/_data.sql

currency_dml.sql
fill currency tab...

1 row created.

Elapsed: 00:00:00.03

1 row created.

Elapsed: 00:00:00.03

Commit complete.

Elapsed: 00:00:00.02
>>>> others/_after.sql
================

Patch was successfull installed :)
